{"timestamp": "2025-03-19T17:04:29.048246", "operation": "insert", "key": 40, "value": "50"}
{"timestamp": "2025-03-19T17:10:00.963415", "operation": "insert", "key": 2, "value": "roshan"}
{"timestamp": "2025-03-19T17:10:23.514447", "operation": "insert", "key": 4, "value": "imran"}
{"timestamp": "2025-03-19T17:13:52.490244", "operation": "insert", "key": 1, "value": "Roshan"}
{"timestamp": "2025-03-19T17:14:06.087999", "operation": "insert", "key": 2, "value": "Imran"}
{"timestamp": "2025-03-19T17:14:16.817683", "operation": "insert", "key": 3, "value": "Shaik"}
{"timestamp": "2025-03-19T17:15:07.168341", "operation": "insert", "key": 4, "value": "Rajesh"}
{"timestamp": "2025-03-19T17:21:01.464437", "operation": "insert", "key": 4, "value": "imran"}
{"timestamp": "2025-03-19T17:21:14.063094", "operation": "insert", "key": 3, "value": "jawaz"}
{"timestamp": "2025-03-19T17:21:30.453059", "operation": "insert", "key": 2, "value": "rahul"}
{"timestamp": "2025-03-19T17:27:03.324971", "operation": "insert", "key": 1, "value": "imran"}
{"timestamp": "2025-03-19T17:31:30.792469", "operation": "update", "key": 1, "value": "johar"}
{"timestamp": "2025-03-19T17:31:43.823503", "operation": "delete", "key": 1, "value": null}
{"timestamp": "2025-03-19T17:35:48.030300", "operation": "insert", "key": 4, "value": "rahul"}
{"timestamp": "2025-04-06T16:20:18.314173", "operation": "insert", "key": "player:18", "value": "{\"player_id\": 18, \"name\": \"Rajesh\", \"team\": \"csk\", \"matches\": 2, \"runs\": 60, \"wickets\": 0, \"strike_rate\": 200.0, \"economy\": 0.0, \"rank\": 0, \"avatar\": \"default.png\", \"last_updated\": \"2025-04-06T16:19:23.623851\"}"}
{"timestamp": "2025-04-06T16:23:33.987653", "operation": "insert", "key": "player:25", "value": "{\"player_id\": 25, \"name\": \"Zeeshan\", \"team\": \"RCB\", \"matches\": 2, \"runs\": 103, \"wickets\": 0, \"strike_rate\": 250.0, \"economy\": 0.0, \"rank\": 0, \"avatar\": \"default.png\", \"last_updated\": \"2025-04-06T16:21:43.634896\"}"}
{"timestamp": "2025-04-06T16:23:34.021517", "operation": "insert", "key": "player:25", "value": "{\"player_id\": 25, \"name\": \"Zeeshan\", \"team\": \"RCB\", \"matches\": 2, \"runs\": 103, \"wickets\": 0, \"strike_rate\": 250.0, \"economy\": 0.0, \"rank\": 0, \"avatar\": \"default.png\", \"last_updated\": \"2025-04-06T16:21:43.634896\"}"}
{"timestamp": "2025-04-06T16:23:34.028474", "operation": "insert", "key": "team:RCB:25", "value": "25"}
{"timestamp": "2025-04-06T16:23:34.039512", "operation": "insert", "key": "team:RCB:25", "value": "25"}
{"timestamp": "2025-04-06T16:24:07.222671", "operation": "insert", "key": "player:25", "value": "{\"player_id\": 25, \"name\": \"Zeeshan\", \"team\": \"RCB\", \"matches\": 3, \"runs\": 128, \"wickets\": 0, \"strike_rate\": 42.666666666666664, \"economy\": 0.0, \"rank\": 0, \"avatar\": \"default.png\", \"last_updated\": \"2025-04-06T16:21:43.634896\"}"}
{"timestamp": "2025-04-06T16:24:07.261917", "operation": "insert", "key": "player:25", "value": "{\"player_id\": 25, \"name\": \"Zeeshan\", \"team\": \"RCB\", \"matches\": 3, \"runs\": 128, \"wickets\": 0, \"strike_rate\": 42.666666666666664, \"economy\": 0.0, \"rank\": 0, \"avatar\": \"default.png\", \"last_updated\": \"2025-04-06T16:21:43.634896\"}"}
{"timestamp": "2025-04-06T16:24:07.270680", "operation": "insert", "key": "team:RCB:25", "value": "25"}
{"timestamp": "2025-04-06T16:24:07.286960", "operation": "insert", "key": "team:RCB:25", "value": "25"}
{"timestamp": "2025-04-06T16:31:02.491824", "operation": "insert", "key": "player:177", "value": "{\"player_id\": 177, \"name\": \"Rohit\", \"team\": \"MI\", \"matches\": 2, \"runs\": 70, \"wickets\": 0, \"balls_played\": 30, \"strike_rate\": 233.33333333333334, \"economy\": 0.0, \"rank\": 0, \"avatar\": \"default.png\", \"last_updated\": \"2025-04-06T16:26:48.456406\"}"}
{"timestamp": "2025-04-06T16:31:02.521723", "operation": "insert", "key": "player:177", "value": "{\"player_id\": 177, \"name\": \"Rohit\", \"team\": \"MI\", \"matches\": 2, \"runs\": 70, \"wickets\": 0, \"balls_played\": 30, \"strike_rate\": 233.33333333333334, \"economy\": 0.0, \"rank\": 0, \"avatar\": \"default.png\", \"last_updated\": \"2025-04-06T16:26:48.456406\"}"}
{"timestamp": "2025-04-06T16:31:02.534495", "operation": "insert", "key": "team:MI:177", "value": "177"}
{"timestamp": "2025-04-06T16:31:02.540973", "operation": "insert", "key": "team:MI:177", "value": "177"}
{"timestamp": "2025-04-06T16:36:55.305715", "operation": "delete", "key": 4, "value": null}
{"timestamp": "2025-04-06T16:37:06.675915", "operation": "delete", "key": 3, "value": null}
{"timestamp": "2025-04-06T18:16:59.246544", "operation": "delete", "key": "player:177", "value": null}
{"timestamp": "2025-04-08T14:34:44.891871", "operation": "delete", "key": "team:MI:177", "value": null}
{"timestamp": "2025-04-08T14:35:24.463495", "operation": "delete", "key": "team:RCB:25", "value": null}
{"timestamp": "2025-04-08T14:35:49.594536", "operation": "delete", "key": "player:25", "value": null}
{"timestamp": "2025-04-08T14:37:07.985123", "operation": "delete", "key": "player:18", "value": null}
{"timestamp": "2025-04-08T14:52:54.908804", "operation": "insert", "key": "1", "value": "{\"Value\":\"Roshan\"}"}
{"timestamp": "2025-04-08T14:52:54.934752", "operation": "insert", "key": "2", "value": "{\"Value\":\"Rahul\"}"}
{"timestamp": "2025-04-08T14:52:54.939357", "operation": "insert", "key": "3", "value": "{\"Value\":\"anjan\"}"}
{"timestamp": "2025-04-08T14:52:54.944154", "operation": "insert", "key": "4", "value": "{\"Value\":\"kashif\"}"}
{"timestamp": "2025-04-08T14:52:54.952282", "operation": "insert", "key": "5", "value": "{\"Value\":\"Rohit\"}"}
{"timestamp": "2025-04-08T14:52:54.957308", "operation": "insert", "key": "6", "value": "{\"Value\":\"musa\"}"}
{"timestamp": "2025-04-08T14:52:54.961322", "operation": "insert", "key": "7", "value": "{\"Value\":\"essa\"}"}
{"timestamp": "2025-04-08T14:52:54.966648", "operation": "insert", "key": "8", "value": "{\"Value\":\"maryam\"}"}
{"timestamp": "2025-04-08T14:52:54.972862", "operation": "insert", "key": "9", "value": "{\"Value\":\"jami\"}"}
{"timestamp": "2025-04-08T14:52:54.977305", "operation": "insert", "key": "10", "value": "{\"Value\":\"rithvik\"}"}
